<?xml version="1.0" encoding="UTF-8"?>
<testsuite xmlns:xsi="http://www.w3.org/2001/XMLSchema-instance" xsi:noNamespaceSchemaLocation="https://maven.apache.org/surefire/maven-surefire-plugin/xsd/surefire-test-report-3.0.xsd" version="3.0" name="com.contextslice.adapter.AdapterMainTest" time="0.007" tests="7" errors="0" skipped="0" failures="0">
  <properties>
[...]
</properties>
  <testcase name="mainExitsWithCode2OnUsageError" classname="com.contextslice.adapter.AdapterMainTest" time="0.003"/>
  <testcase name="missingManifestFlagThrowsUsageException" classname="com.contextslice.adapter.AdapterMainTest" time="0.0"/>
  <testcase name="unknownFlagThrowsUsageException" classname="com.contextslice.adapter.AdapterMainTest" time="0.001"/>
  <testcase name="missingOutputFlagThrowsUsageException" classname="com.contextslice.adapter.AdapterMainTest" time="0.0"/>
  <testcase name="unknownSubcommandThrowsUsageException" classname="com.contextslice.adapter.AdapterMainTest" time="0.0"/>
  <testcase name="missingAgentFlagThrowsUsageException" classname="com.contextslice.adapter.AdapterMainTest" time="0.0"/>
  <testcase name="noArgsThrowsUsageException" classname="com.contextslice.adapter.AdapterMainTest" time="0.0"/>
</testsuite>