<?xml version="1.0" encoding="UTF-8"?>
<testsuite xmlns:xsi="http://www.w3.org/2001/XMLSchema-instance" xsi:noNamespaceSchemaLocation="https://maven.apache.org/surefire/maven-surefire-plugin/xsd/surefire-test-report-3.0.xsd" version="3.0" name="com.contextslice.adapter.IrSerializerTest" time="0.08" tests="6" errors="0" skipped="0" failures="0">
  <properties>
[...]
</properties>
  <testcase name="callEdgesSortedByCallerThenCallee(Path)" classname="com.contextslice.adapter.IrSerializerTest" time="0.05">
    <system-err><![CDATA[[context-adapter] static_ir.json written: /var/folders/3l/s_v8hmmx7cx13wrthfy97v5w0000gn/T/junit7402558944705879473/static_ir.json
[context-adapter] metadata.json written: /var/folders/3l/s_v8hmmx7cx13wrthfy97v5w0000gn/T/junit7402558944705879473/metadata.json
]]></system-err>
  </testcase>
  <testcase name="symbolsSortedByIdInOutput(Path)" classname="com.contextslice.adapter.IrSerializerTest" time="0.004">
    <system-err><![CDATA[[context-adapter] static_ir.json written: /var/folders/3l/s_v8hmmx7cx13wrthfy97v5w0000gn/T/junit1441228209055029396/static_ir.json
[context-adapter] metadata.json written: /var/folders/3l/s_v8hmmx7cx13wrthfy97v5w0000gn/T/junit1441228209055029396/metadata.json
]]></system-err>
  </testcase>
  <testcase name="outputIsValidJsonParseable(Path)" classname="com.contextslice.adapter.IrSerializerTest" time="0.008">
    <system-err><![CDATA[[context-adapter] static_ir.json written: /var/folders/3l/s_v8hmmx7cx13wrthfy97v5w0000gn/T/junit18058047616481908302/static_ir.json
[context-adapter] metadata.json written: /var/folders/3l/s_v8hmmx7cx13wrthfy97v5w0000gn/T/junit18058047616481908302/metadata.json
]]></system-err>
  </testcase>
  <testcase name="deterministicOutput(Path)" classname="com.contextslice.adapter.IrSerializerTest" time="0.003">
    <system-err><![CDATA[[context-adapter] static_ir.json written: /var/folders/3l/s_v8hmmx7cx13wrthfy97v5w0000gn/T/junit15788607107711593759/static_ir.json
[context-adapter] metadata.json written: /var/folders/3l/s_v8hmmx7cx13wrthfy97v5w0000gn/T/junit15788607107711593759/metadata.json
[context-adapter] static_ir.json written: /var/folders/3l/s_v8hmmx7cx13wrthfy97v5w0000gn/T/junit15788607107711593759/static_ir.json
[context-adapter] metadata.json written: /var/folders/3l/s_v8hmmx7cx13wrthfy97v5w0000gn/T/junit15788607107711593759/metadata.json
]]></system-err>
  </testcase>
  <testcase name="metadataJsonWrittenWithExpectedFields(Path)" classname="com.contextslice.adapter.IrSerializerTest" time="0.002">
    <system-err><![CDATA[[context-adapter] static_ir.json written: /var/folders/3l/s_v8hmmx7cx13wrthfy97v5w0000gn/T/junit13481699843504892403/static_ir.json
[context-adapter] metadata.json written: /var/folders/3l/s_v8hmmx7cx13wrthfy97v5w0000gn/T/junit13481699843504892403/metadata.json
]]></system-err>
  </testcase>
  <testcase name="outputDirCreatedIfAbsent(Path)" classname="com.contextslice.adapter.IrSerializerTest" time="0.003">
    <system-err><![CDATA[[context-adapter] static_ir.json written: /var/folders/3l/s_v8hmmx7cx13wrthfy97v5w0000gn/T/junit3001214157990760936/a/b/c/static_ir.json
[context-adapter] metadata.json written: /var/folders/3l/s_v8hmmx7cx13wrthfy97v5w0000gn/T/junit3001214157990760936/a/b/c/metadata.json
]]></system-err>
  </testcase>
</testsuite>