<?xml version="1.0" encoding="UTF-8"?>
<testsuite xmlns:xsi="http://www.w3.org/2001/XMLSchema-instance" xsi:noNamespaceSchemaLocation="https://maven.apache.org/surefire/maven-surefire-plugin/xsd/surefire-test-report-3.0.xsd" version="3.0" name="com.contextslice.adapter.StaticAnalyzerTest" time="0.62" tests="15" errors="0" skipped="0" failures="1">
  <properties>
[...]
</properties>
  <testcase name="allCallEdgesHaveRuntimeObservedFalse" classname="com.contextslice.adapter.StaticAnalyzerTest" time="0.001"/>
  <testcase name="serviceAnnotatedClassesAreMarkedFramework" classname="com.contextslice.adapter.StaticAnalyzerTest" time="0.0"/>
  <testcase name="stripeOrderServiceToPaymentServiceCallEdgePresent" classname="com.contextslice.adapter.StaticAnalyzerTest" time="0.0"/>
  <testcase name="createOrderMethodPresent" classname="com.contextslice.adapter.StaticAnalyzerTest" time="0.0"/>
  <testcase name="noCglibOrProxySymbols" classname="com.contextslice.adapter.StaticAnalyzerTest" time="0.001"/>
  <testcase name="symbolCountMatchesExpected" classname="com.contextslice.adapter.StaticAnalyzerTest" time="0.0"/>
  <testcase name="allCallEdgesHaveStaticTrue" classname="com.contextslice.adapter.StaticAnalyzerTest" time="0.0"/>
  <testcase name="noNullCallEdgeCaller" classname="com.contextslice.adapter.StaticAnalyzerTest" time="0.0"/>
  <testcase name="noNullSymbolIds" classname="com.contextslice.adapter.StaticAnalyzerTest" time="0.0"/>
  <testcase name="allSymbolsHaveNonEmptyId" classname="com.contextslice.adapter.StaticAnalyzerTest" time="0.001"/>
  <testcase name="stripeOrderServiceSymbolPresent" classname="com.contextslice.adapter.StaticAnalyzerTest" time="0.0"/>
  <testcase name="allMethodSymbolsHaveNonNullContainer" classname="com.contextslice.adapter.StaticAnalyzerTest" time="0.0"/>
  <testcase name="entryPointSymbolIsMarked" classname="com.contextslice.adapter.StaticAnalyzerTest" time="0.002">
    <failure message="OrderController.createOrder should be marked as entry point ==&gt; expected: &lt;true&gt; but was: &lt;false&gt;" type="org.opentest4j.AssertionFailedError"><![CDATA[org.opentest4j.AssertionFailedError: OrderController.createOrder should be marked as entry point ==> expected: <true> but was: <false>
	at org.junit.jupiter.api.AssertionFailureBuilder.build(AssertionFailureBuilder.java:151)
	at org.junit.jupiter.api.AssertionFailureBuilder.buildAndThrow(AssertionFailureBuilder.java:132)
	at org.junit.jupiter.api.AssertTrue.failNotTrue(AssertTrue.java:63)
	at org.junit.jupiter.api.AssertTrue.assertTrue(AssertTrue.java:36)
	at org.junit.jupiter.api.Assertions.assertTrue(Assertions.java:214)
	at com.contextslice.adapter.StaticAnalyzerTest.entryPointSymbolIsMarked(StaticAnalyzerTest.java:136)
	at java.base/java.lang.reflect.Method.invoke(Method.java:580)
	at java.base/java.util.ArrayList.forEach(ArrayList.java:1596)
	at java.base/java.util.ArrayList.forEach(ArrayList.java:1596)
]]></failure>
  </testcase>
  <testcase name="pojoClassesAreNotMarkedFramework" classname="com.contextslice.adapter.StaticAnalyzerTest" time="0.0"/>
  <testcase name="orderControllerToOrderServiceCallEdgePresent" classname="com.contextslice.adapter.StaticAnalyzerTest" time="0.0"/>
</testsuite>